<?xml version="1.0" encoding="UTF-8"?>
<!-- Generated by org.testng.reporters.JUnitReportReporter -->
<testsuite hostname="DESKTOP-2QISFAK" failures="0" tests="2" name="TestClasses.TestingClass" time="26.816" errors="0" timestamp="2022-06-06T12:45:58 IST" skipped="0">
  <testcase classname="TestClasses.TestingClass" name="verifyUrl" time="13.758"/>
  <system-out/>
  <testcase classname="TestClasses.TestingClass" name="verifyUrl" time="13.058"/>
  <system-out/>
</testsuite> <!-- TestClasses.TestingClass -->
